<?xml version="1.0" encoding="UTF-8"?>
<!-- Generated by org.testng.reporters.JUnitXMLReporter -->
<testsuite hostname="EPBYMINW5904" ignored="0" name="all test" tests="1" failures="1" timestamp="13 Dec 2017 12:33:58 GMT" time="0.023" errors="0">
  <testcase name="ctgFromValue" time="0.005" classname="test.testng.CtgDoubleTest">
    <failure type="java.lang.AssertionError" message="expected [0.642] but found [0.7615941559557649]">
      <![CDATA[java.lang.AssertionError: expected [0.642] but found [0.7615941559557649]
	at test.testng.CtgDoubleTest.ctgFromValue(CtgDoubleTest.java:19)
... Removed 29 stack frames]]>
    </failure>
  </testcase> <!-- ctgFromValue -->
</testsuite> <!-- all test -->
