<html>
<head>
<title>TestNG:  All_tests_parallel</title>
<link href="../testng.css" rel="stylesheet" type="text/css" />
<link href="../my-testng.css" rel="stylesheet" type="text/css" />

<style type="text/css">
.log { display: none;} 
.stack-trace { display: none;} 
</style>
<script type="text/javascript">
<!--
function flip(e) {
  current = e.style.display;
  if (current == 'block') {
    e.style.display = 'none';
    return 0;
  }
  else {
    e.style.display = 'block';
    return 1;
  }
}

function toggleBox(szDivId, elem, msg1, msg2)
{
  var res = -1;  if (document.getElementById) {
    res = flip(document.getElementById(szDivId));
  }
  else if (document.all) {
    // this is the way old msie versions work
    res = flip(document.all[szDivId]);
  }
  if(elem) {
    if(res == 0) elem.innerHTML = msg1; else elem.innerHTML = msg2;
  }

}

function toggleAllBoxes() {
  if (document.getElementsByTagName) {
    d = document.getElementsByTagName('div');
    for (i = 0; i < d.length; i++) {
      if (d[i].className == 'log') {
        flip(d[i]);
      }
    }
  }
}

// -->
</script>

</head>
<body>
<h2 align='center'>All_tests_parallel</h2><table border='1' align="center">
<tr>
<td>Tests passed/Failed/Skipped:</td><td>24/6/0</td>
</tr><tr>
<td>Started on:</td><td>Mon Dec 18 10:23:46 MSK 2017</td>
</tr>
<tr><td>Total time:</td><td>0 seconds (98 ms)</td>
</tr><tr>
<td>Included groups:</td><td></td>
</tr><tr>
<td>Excluded groups:</td><td></td>
</tr>
</table><p/>
<small><i>(Hover the method name to see the test class name)</i></small><p/>
<table width='100%' border='1' class='invocation-failed'>
<tr><td colspan='4' align='center'><b>FAILED TESTS</b></td></tr>
<tr><td><b>Test method</b></td>
<td width="30%"><b>Exception</b></td>
<td width="10%"><b>Time (seconds)</b></td>
<td><b>Instance</b></td>
</tr>
<tr>
<td title='test.testng.CtgDoubleTest.ctgFromValue()'><b>ctgFromValue</b><br>Test class: test.testng.CtgDoubleTest<br>Parameters: 1, 0.642</td>
<td><div><pre>java.lang.AssertionError: expected [0.642] but found [0.7615941559557649]
	at test.testng.CtgDoubleTest.ctgFromValue(CtgDoubleTest.java:22)
	at java.util.concurrent.ThreadPoolExecutor.runWorker(ThreadPoolExecutor.java:1142)
	at java.util.concurrent.ThreadPoolExecutor$Worker.run(ThreadPoolExecutor.java:617)
	at java.lang.Thread.run(Thread.java:748)
... Removed 14 stack frames</pre></div><a href='#' onClick='toggleBox("stack-trace765865407", this, "Click to show all stack frames", "Click to hide stack frames")'>Click to show all stack frames</a>
<div class='stack-trace' id='stack-trace765865407'><pre>java.lang.AssertionError: expected [0.642] but found [0.7615941559557649]
	at org.testng.Assert.fail(Assert.java:93)
	at org.testng.Assert.failNotEquals(Assert.java:512)
	at org.testng.Assert.assertEquals(Assert.java:225)
	at org.testng.Assert.assertEquals(Assert.java:238)
	at test.testng.CtgDoubleTest.ctgFromValue(CtgDoubleTest.java:22)
	at sun.reflect.NativeMethodAccessorImpl.invoke0(Native Method)
	at sun.reflect.NativeMethodAccessorImpl.invoke(NativeMethodAccessorImpl.java:62)
	at sun.reflect.DelegatingMethodAccessorImpl.invoke(DelegatingMethodAccessorImpl.java:43)
	at java.lang.reflect.Method.invoke(Method.java:498)
	at org.testng.internal.MethodInvocationHelper.invokeMethod(MethodInvocationHelper.java:108)
	at org.testng.internal.Invoker.invokeMethod(Invoker.java:661)
	at org.testng.internal.Invoker.invokeTestMethod(Invoker.java:869)
	at org.testng.internal.Invoker.invokeTestMethods(Invoker.java:1193)
	at org.testng.internal.TestMethodWorker.invokeTestMethods(TestMethodWorker.java:126)
	at org.testng.internal.TestMethodWorker.run(TestMethodWorker.java:109)
	at java.util.concurrent.ThreadPoolExecutor.runWorker(ThreadPoolExecutor.java:1142)
	at java.util.concurrent.ThreadPoolExecutor$Worker.run(ThreadPoolExecutor.java:617)
	at java.lang.Thread.run(Thread.java:748)
</pre></div></td>
<td>0</td>
<td>test.testng.CtgDoubleTest@6d00a15d</td></tr>
<tr>
<td title='test.testng.DivLongTest.oneValueDivAnother()'><b>oneValueDivAnother</b><br>Test class: test.testng.DivLongTest<br>Parameters: -9, 6, -1.5</td>
<td><div><pre>java.lang.AssertionError: Invalid result of operation expected [-1.5] but found [-1.0]
	at test.testng.DivLongTest.oneValueDivAnother(DivLongTest.java:25)
	at java.util.concurrent.ThreadPoolExecutor.runWorker(ThreadPoolExecutor.java:1142)
	at java.util.concurrent.ThreadPoolExecutor$Worker.run(ThreadPoolExecutor.java:617)
	at java.lang.Thread.run(Thread.java:748)
... Removed 14 stack frames</pre></div><a href='#' onClick='toggleBox("stack-trace1924315493", this, "Click to show all stack frames", "Click to hide stack frames")'>Click to show all stack frames</a>
<div class='stack-trace' id='stack-trace1924315493'><pre>java.lang.AssertionError: Invalid result of operation expected [-1.5] but found [-1.0]
	at org.testng.Assert.fail(Assert.java:93)
	at org.testng.Assert.failNotEquals(Assert.java:512)
	at org.testng.Assert.assertEqualsImpl(Assert.java:134)
	at org.testng.Assert.assertEquals(Assert.java:115)
	at test.testng.DivLongTest.oneValueDivAnother(DivLongTest.java:25)
	at sun.reflect.NativeMethodAccessorImpl.invoke0(Native Method)
	at sun.reflect.NativeMethodAccessorImpl.invoke(NativeMethodAccessorImpl.java:62)
	at sun.reflect.DelegatingMethodAccessorImpl.invoke(DelegatingMethodAccessorImpl.java:43)
	at java.lang.reflect.Method.invoke(Method.java:498)
	at org.testng.internal.MethodInvocationHelper.invokeMethod(MethodInvocationHelper.java:108)
	at org.testng.internal.Invoker.invokeMethod(Invoker.java:661)
	at org.testng.internal.Invoker.invokeTestMethod(Invoker.java:869)
	at org.testng.internal.Invoker.invokeTestMethods(Invoker.java:1193)
	at org.testng.internal.TestMethodWorker.invokeTestMethods(TestMethodWorker.java:126)
	at org.testng.internal.TestMethodWorker.run(TestMethodWorker.java:109)
	at java.util.concurrent.ThreadPoolExecutor.runWorker(ThreadPoolExecutor.java:1142)
	at java.util.concurrent.ThreadPoolExecutor$Worker.run(ThreadPoolExecutor.java:617)
	at java.lang.Thread.run(Thread.java:748)
</pre></div></td>
<td>0</td>
<td>test.testng.DivLongTest@51efea79</td></tr>
<tr>
<td title='test.testng.DivLongTest.oneValueDivAnother()'><b>oneValueDivAnother</b><br>Test class: test.testng.DivLongTest<br>Parameters: 1, 10, 0.1</td>
<td><div><pre>java.lang.AssertionError: Invalid result of operation expected [0.1] but found [0.0]
	at test.testng.DivLongTest.oneValueDivAnother(DivLongTest.java:25)
	at java.util.concurrent.ThreadPoolExecutor.runWorker(ThreadPoolExecutor.java:1142)
	at java.util.concurrent.ThreadPoolExecutor$Worker.run(ThreadPoolExecutor.java:617)
	at java.lang.Thread.run(Thread.java:748)
... Removed 14 stack frames</pre></div><a href='#' onClick='toggleBox("stack-trace882521191", this, "Click to show all stack frames", "Click to hide stack frames")'>Click to show all stack frames</a>
<div class='stack-trace' id='stack-trace882521191'><pre>java.lang.AssertionError: Invalid result of operation expected [0.1] but found [0.0]
	at org.testng.Assert.fail(Assert.java:93)
	at org.testng.Assert.failNotEquals(Assert.java:512)
	at org.testng.Assert.assertEqualsImpl(Assert.java:134)
	at org.testng.Assert.assertEquals(Assert.java:115)
	at test.testng.DivLongTest.oneValueDivAnother(DivLongTest.java:25)
	at sun.reflect.NativeMethodAccessorImpl.invoke0(Native Method)
	at sun.reflect.NativeMethodAccessorImpl.invoke(NativeMethodAccessorImpl.java:62)
	at sun.reflect.DelegatingMethodAccessorImpl.invoke(DelegatingMethodAccessorImpl.java:43)
	at java.lang.reflect.Method.invoke(Method.java:498)
	at org.testng.internal.MethodInvocationHelper.invokeMethod(MethodInvocationHelper.java:108)
	at org.testng.internal.Invoker.invokeMethod(Invoker.java:661)
	at org.testng.internal.Invoker.invokeTestMethod(Invoker.java:869)
	at org.testng.internal.Invoker.invokeTestMethods(Invoker.java:1193)
	at org.testng.internal.TestMethodWorker.invokeTestMethods(TestMethodWorker.java:126)
	at org.testng.internal.TestMethodWorker.run(TestMethodWorker.java:109)
	at java.util.concurrent.ThreadPoolExecutor.runWorker(ThreadPoolExecutor.java:1142)
	at java.util.concurrent.ThreadPoolExecutor$Worker.run(ThreadPoolExecutor.java:617)
	at java.lang.Thread.run(Thread.java:748)
</pre></div></td>
<td>0</td>
<td>test.testng.DivLongTest@51efea79</td></tr>
<tr>
<td title='test.testng.MultDoubleTest.oneValueMultAnother()'><b>oneValueMultAnother</b><br>Test class: test.testng.MultDoubleTest<br>Parameters: 2.5, 5.7, 14.25</td>
<td><div><pre>java.lang.AssertionError: expected [14.25] but found [14.0]
	at test.testng.MultDoubleTest.oneValueMultAnother(MultDoubleTest.java:26)
	at java.util.concurrent.ThreadPoolExecutor.runWorker(ThreadPoolExecutor.java:1142)
	at java.util.concurrent.ThreadPoolExecutor$Worker.run(ThreadPoolExecutor.java:617)
	at java.lang.Thread.run(Thread.java:748)
... Removed 15 stack frames</pre></div><a href='#' onClick='toggleBox("stack-trace1240053282", this, "Click to show all stack frames", "Click to hide stack frames")'>Click to show all stack frames</a>
<div class='stack-trace' id='stack-trace1240053282'><pre>java.lang.AssertionError: expected [14.25] but found [14.0]
	at org.testng.Assert.fail(Assert.java:93)
	at org.testng.Assert.failNotEquals(Assert.java:512)
	at org.testng.Assert.assertEqualsImpl(Assert.java:134)
	at org.testng.Assert.assertEquals(Assert.java:115)
	at org.testng.Assert.assertEquals(Assert.java:178)
	at test.testng.MultDoubleTest.oneValueMultAnother(MultDoubleTest.java:26)
	at sun.reflect.NativeMethodAccessorImpl.invoke0(Native Method)
	at sun.reflect.NativeMethodAccessorImpl.invoke(NativeMethodAccessorImpl.java:62)
	at sun.reflect.DelegatingMethodAccessorImpl.invoke(DelegatingMethodAccessorImpl.java:43)
	at java.lang.reflect.Method.invoke(Method.java:498)
	at org.testng.internal.MethodInvocationHelper.invokeMethod(MethodInvocationHelper.java:108)
	at org.testng.internal.Invoker.invokeMethod(Invoker.java:661)
	at org.testng.internal.Invoker.invokeTestMethod(Invoker.java:869)
	at org.testng.internal.Invoker.invokeTestMethods(Invoker.java:1193)
	at org.testng.internal.TestMethodWorker.invokeTestMethods(TestMethodWorker.java:126)
	at org.testng.internal.TestMethodWorker.run(TestMethodWorker.java:109)
	at java.util.concurrent.ThreadPoolExecutor.runWorker(ThreadPoolExecutor.java:1142)
	at java.util.concurrent.ThreadPoolExecutor$Worker.run(ThreadPoolExecutor.java:617)
	at java.lang.Thread.run(Thread.java:748)
</pre></div></td>
<td>0</td>
<td>test.testng.MultDoubleTest@5034c75a</td></tr>
<tr>
<td title='test.testng.MultDoubleTest.oneValueMultAnother()'><b>oneValueMultAnother</b><br>Test class: test.testng.MultDoubleTest<br>Parameters: 0.7, 0.5, 0.35</td>
<td><div><pre>java.lang.AssertionError: expected [0.35] but found [0.0]
	at test.testng.MultDoubleTest.oneValueMultAnother(MultDoubleTest.java:26)
	at java.util.concurrent.ThreadPoolExecutor.runWorker(ThreadPoolExecutor.java:1142)
	at java.util.concurrent.ThreadPoolExecutor$Worker.run(ThreadPoolExecutor.java:617)
	at java.lang.Thread.run(Thread.java:748)
... Removed 15 stack frames</pre></div><a href='#' onClick='toggleBox("stack-trace892813567", this, "Click to show all stack frames", "Click to hide stack frames")'>Click to show all stack frames</a>
<div class='stack-trace' id='stack-trace892813567'><pre>java.lang.AssertionError: expected [0.35] but found [0.0]
	at org.testng.Assert.fail(Assert.java:93)
	at org.testng.Assert.failNotEquals(Assert.java:512)
	at org.testng.Assert.assertEqualsImpl(Assert.java:134)
	at org.testng.Assert.assertEquals(Assert.java:115)
	at org.testng.Assert.assertEquals(Assert.java:178)
	at test.testng.MultDoubleTest.oneValueMultAnother(MultDoubleTest.java:26)
	at sun.reflect.NativeMethodAccessorImpl.invoke0(Native Method)
	at sun.reflect.NativeMethodAccessorImpl.invoke(NativeMethodAccessorImpl.java:62)
	at sun.reflect.DelegatingMethodAccessorImpl.invoke(DelegatingMethodAccessorImpl.java:43)
	at java.lang.reflect.Method.invoke(Method.java:498)
	at org.testng.internal.MethodInvocationHelper.invokeMethod(MethodInvocationHelper.java:108)
	at org.testng.internal.Invoker.invokeMethod(Invoker.java:661)
	at org.testng.internal.Invoker.invokeTestMethod(Invoker.java:869)
	at org.testng.internal.Invoker.invokeTestMethods(Invoker.java:1193)
	at org.testng.internal.TestMethodWorker.invokeTestMethods(TestMethodWorker.java:126)
	at org.testng.internal.TestMethodWorker.run(TestMethodWorker.java:109)
	at java.util.concurrent.ThreadPoolExecutor.runWorker(ThreadPoolExecutor.java:1142)
	at java.util.concurrent.ThreadPoolExecutor$Worker.run(ThreadPoolExecutor.java:617)
	at java.lang.Thread.run(Thread.java:748)
</pre></div></td>
<td>0</td>
<td>test.testng.MultDoubleTest@5034c75a</td></tr>
<tr>
<td title='test.testng.SqrtDoubleTest.sqrtFromValue()'><b>sqrtFromValue</b><br>Test class: test.testng.SqrtDoubleTest<br>Parameters: -100.0, NaN</td>
<td><div><pre>java.lang.AssertionError: expected [NaN] but found [10.0]
	at test.testng.SqrtDoubleTest.sqrtFromValue(SqrtDoubleTest.java:26)
	at java.util.concurrent.ThreadPoolExecutor.runWorker(ThreadPoolExecutor.java:1142)
	at java.util.concurrent.ThreadPoolExecutor$Worker.run(ThreadPoolExecutor.java:617)
	at java.lang.Thread.run(Thread.java:748)
... Removed 14 stack frames</pre></div><a href='#' onClick='toggleBox("stack-trace1805421678", this, "Click to show all stack frames", "Click to hide stack frames")'>Click to show all stack frames</a>
<div class='stack-trace' id='stack-trace1805421678'><pre>java.lang.AssertionError: expected [NaN] but found [10.0]
	at org.testng.Assert.fail(Assert.java:93)
	at org.testng.Assert.failNotEquals(Assert.java:512)
	at org.testng.Assert.assertEquals(Assert.java:221)
	at org.testng.Assert.assertEquals(Assert.java:238)
	at test.testng.SqrtDoubleTest.sqrtFromValue(SqrtDoubleTest.java:26)
	at sun.reflect.NativeMethodAccessorImpl.invoke0(Native Method)
	at sun.reflect.NativeMethodAccessorImpl.invoke(NativeMethodAccessorImpl.java:62)
	at sun.reflect.DelegatingMethodAccessorImpl.invoke(DelegatingMethodAccessorImpl.java:43)
	at java.lang.reflect.Method.invoke(Method.java:498)
	at org.testng.internal.MethodInvocationHelper.invokeMethod(MethodInvocationHelper.java:108)
	at org.testng.internal.Invoker.invokeMethod(Invoker.java:661)
	at org.testng.internal.Invoker.invokeTestMethod(Invoker.java:869)
	at org.testng.internal.Invoker.invokeTestMethods(Invoker.java:1193)
	at org.testng.internal.TestMethodWorker.invokeTestMethods(TestMethodWorker.java:126)
	at org.testng.internal.TestMethodWorker.run(TestMethodWorker.java:109)
	at java.util.concurrent.ThreadPoolExecutor.runWorker(ThreadPoolExecutor.java:1142)
	at java.util.concurrent.ThreadPoolExecutor$Worker.run(ThreadPoolExecutor.java:617)
	at java.lang.Thread.run(Thread.java:748)
</pre></div></td>
<td>0</td>
<td>test.testng.SqrtDoubleTest@7f9a81e8</td></tr>
</table><p>
<table width='100%' border='1' class='invocation-passed'>
<tr><td colspan='4' align='center'><b>PASSED TESTS</b></td></tr>
<tr><td><b>Test method</b></td>
<td width="30%"><b>Exception</b></td>
<td width="10%"><b>Time (seconds)</b></td>
<td><b>Instance</b></td>
</tr>
<tr>
<td title='test.testng.NegativeLongTest.NegativeValueCheck()'><b>NegativeValueCheck</b><br>Test class: test.testng.NegativeLongTest<br>Parameters: -9, true</td>
<td></td>
<td>0</td>
<td>test.testng.NegativeLongTest@396a51ab</td></tr>
<tr>
<td title='test.testng.NegativeLongTest.NegativeValueCheck()'><b>NegativeValueCheck</b><br>Test class: test.testng.NegativeLongTest<br>Parameters: 0, false</td>
<td></td>
<td>0</td>
<td>test.testng.NegativeLongTest@396a51ab</td></tr>
<tr>
<td title='test.testng.NegativeLongTest.NegativeValueCheck()'><b>NegativeValueCheck</b><br>Test class: test.testng.NegativeLongTest<br>Parameters: 1, false</td>
<td></td>
<td>0</td>
<td>test.testng.NegativeLongTest@396a51ab</td></tr>
<tr>
<td title='test.testng.DivLongTest.checkDivisionByZeroThrowsException()'><b>checkDivisionByZeroThrowsException</b><br>Test class: test.testng.DivLongTest</td>
<td><div><pre>java.lang.NumberFormatException: Attempt to divide by zero
	at com.epam.tat.module4.Calculator.div(Calculator.java:34)
	at test.testng.DivLongTest.checkDivisionByZeroThrowsException(DivLongTest.java:30)
	at java.util.concurrent.ThreadPoolExecutor.runWorker(ThreadPoolExecutor.java:1142)
	at java.util.concurrent.ThreadPoolExecutor$Worker.run(ThreadPoolExecutor.java:617)
	at java.lang.Thread.run(Thread.java:748)
... Removed 10 stack frames</pre></div><a href='#' onClick='toggleBox("stack-trace947204979", this, "Click to show all stack frames", "Click to hide stack frames")'>Click to show all stack frames</a>
<div class='stack-trace' id='stack-trace947204979'><pre>java.lang.NumberFormatException: Attempt to divide by zero
	at com.epam.tat.module4.Calculator.div(Calculator.java:34)
	at test.testng.DivLongTest.checkDivisionByZeroThrowsException(DivLongTest.java:30)
	at sun.reflect.NativeMethodAccessorImpl.invoke0(Native Method)
	at sun.reflect.NativeMethodAccessorImpl.invoke(NativeMethodAccessorImpl.java:62)
	at sun.reflect.DelegatingMethodAccessorImpl.invoke(DelegatingMethodAccessorImpl.java:43)
	at java.lang.reflect.Method.invoke(Method.java:498)
	at org.testng.internal.MethodInvocationHelper.invokeMethod(MethodInvocationHelper.java:108)
	at org.testng.internal.Invoker.invokeMethod(Invoker.java:661)
	at org.testng.internal.Invoker.invokeTestMethod(Invoker.java:869)
	at org.testng.internal.Invoker.invokeTestMethods(Invoker.java:1193)
	at org.testng.internal.TestMethodWorker.invokeTestMethods(TestMethodWorker.java:126)
	at org.testng.internal.TestMethodWorker.run(TestMethodWorker.java:109)
	at java.util.concurrent.ThreadPoolExecutor.runWorker(ThreadPoolExecutor.java:1142)
	at java.util.concurrent.ThreadPoolExecutor$Worker.run(ThreadPoolExecutor.java:617)
	at java.lang.Thread.run(Thread.java:748)
</pre></div></td>
<td>0</td>
<td>test.testng.DivLongTest@51efea79</td></tr>
<tr>
<td title='test.testng.DivLongTest.oneValueDivAnother()'><b>oneValueDivAnother</b><br>Test class: test.testng.DivLongTest<br>Parameters: 20, 5, 4.0</td>
<td></td>
<td>0</td>
<td>test.testng.DivLongTest@51efea79</td></tr>
<tr>
<td title='test.testng.DivLongTest.oneValueDivAnother()'><b>oneValueDivAnother</b><br>Test class: test.testng.DivLongTest<br>Parameters: 0, 10, 0.0</td>
<td></td>
<td>0</td>
<td>test.testng.DivLongTest@51efea79</td></tr>
<tr>
<td title='test.testng.SubDoubleTest.oneValueMinusAnother()'><b>oneValueMinusAnother</b><br>Test class: test.testng.SubDoubleTest<br>Parameters: 20.0, 15.0, 5</td>
<td></td>
<td>0</td>
<td>test.testng.SubDoubleTest@9629756</td></tr>
<tr>
<td title='test.testng.SubDoubleTest.oneValueMinusAnother()'><b>oneValueMinusAnother</b><br>Test class: test.testng.SubDoubleTest<br>Parameters: -9.0, 6.0, -15.0</td>
<td></td>
<td>0</td>
<td>test.testng.SubDoubleTest@9629756</td></tr>
<tr>
<td title='test.testng.SubDoubleTest.oneValueMinusAnother()'><b>oneValueMinusAnother</b><br>Test class: test.testng.SubDoubleTest<br>Parameters: -10.0, -10.0, 0.0</td>
<td></td>
<td>0</td>
<td>test.testng.SubDoubleTest@9629756</td></tr>
<tr>
<td title='test.testng.SubDoubleTest.oneValueMinusAnother()'><b>oneValueMinusAnother</b><br>Test class: test.testng.SubDoubleTest<br>Parameters: 0.0, 0.0, 0.0</td>
<td></td>
<td>0</td>
<td>test.testng.SubDoubleTest@9629756</td></tr>
<tr>
<td title='test.testng.SubDoubleTest.oneValueMinusAnother()'><b>oneValueMinusAnother</b><br>Test class: test.testng.SubDoubleTest<br>Parameters: 0.05, 0.651123456, -0.601123456</td>
<td></td>
<td>0</td>
<td>test.testng.SubDoubleTest@9629756</td></tr>
<tr>
<td title='test.testng.MultDoubleTest.oneValueMultAnother()'><b>oneValueMultAnother</b><br>Test class: test.testng.MultDoubleTest<br>Parameters: -9.0, 6.0, -54.0</td>
<td></td>
<td>0</td>
<td>test.testng.MultDoubleTest@5034c75a</td></tr>
<tr>
<td title='test.testng.MultDoubleTest.oneValueMultAnother()'><b>oneValueMultAnother</b><br>Test class: test.testng.MultDoubleTest<br>Parameters: 0.0, 4.0, 0.0</td>
<td></td>
<td>0</td>
<td>test.testng.MultDoubleTest@5034c75a</td></tr>
<tr>
<td title='test.testng.SumLongTest.oneValuePlusAnother()'><b>oneValuePlusAnother</b><br>Test class: test.testng.SumLongTest<br>Parameters: 20, 15, 35</td>
<td></td>
<td>0</td>
<td>test.testng.SumLongTest@62ee68d8</td></tr>
<tr>
<td title='test.testng.SumLongTest.oneValuePlusAnother()'><b>oneValuePlusAnother</b><br>Test class: test.testng.SumLongTest<br>Parameters: 9, 6, 15</td>
<td></td>
<td>0</td>
<td>test.testng.SumLongTest@62ee68d8</td></tr>
<tr>
<td title='test.testng.SumLongTest.oneValuePlusAnother()'><b>oneValuePlusAnother</b><br>Test class: test.testng.SumLongTest<br>Parameters: 1, -10, -9</td>
<td></td>
<td>0</td>
<td>test.testng.SumLongTest@62ee68d8</td></tr>
<tr>
<td title='test.testng.SumLongTest.oneValuePlusAnother()'><b>oneValuePlusAnother</b><br>Test class: test.testng.SumLongTest<br>Parameters: 0, 0, 0</td>
<td></td>
<td>0</td>
<td>test.testng.SumLongTest@62ee68d8</td></tr>
<tr>
<td title='test.testng.SinDoubleTest.sinFromValue()'><b>sinFromValue</b><br>Test class: test.testng.SinDoubleTest<br>Parameters: 0.0, 0.0</td>
<td></td>
<td>0</td>
<td>test.testng.SinDoubleTest@51081592</td></tr>
<tr>
<td title='test.testng.SinDoubleTest.sinFromValue()'><b>sinFromValue</b><br>Test class: test.testng.SinDoubleTest<br>Parameters: 1.0, 0.841</td>
<td></td>
<td>0</td>
<td>test.testng.SinDoubleTest@51081592</td></tr>
<tr>
<td title='test.testng.SinDoubleTest.sinFromValue()'><b>sinFromValue</b><br>Test class: test.testng.SinDoubleTest<br>Parameters: 100, -0.506</td>
<td></td>
<td>0</td>
<td>test.testng.SinDoubleTest@51081592</td></tr>
<tr>
<td title='test.testng.SqrtDoubleTest.sqrtFromValue()'><b>sqrtFromValue</b><br>Test class: test.testng.SqrtDoubleTest<br>Parameters: 100.0, 10.0</td>
<td></td>
<td>0</td>
<td>test.testng.SqrtDoubleTest@7f9a81e8</td></tr>
<tr>
<td title='test.testng.SqrtDoubleTest.sqrtFromValue()'><b>sqrtFromValue</b><br>Test class: test.testng.SqrtDoubleTest<br>Parameters: 0.0, 0.0</td>
<td></td>
<td>0</td>
<td>test.testng.SqrtDoubleTest@7f9a81e8</td></tr>
<tr>
<td title='test.testng.SqrtDoubleTest.sqrtFromValue()'><b>sqrtFromValue</b><br>Test class: test.testng.SqrtDoubleTest<br>Parameters: 0.4, 0.632</td>
<td></td>
<td>0</td>
<td>test.testng.SqrtDoubleTest@7f9a81e8</td></tr>
<tr>
<td title='test.testng.SqrtDoubleTest.sqrtFromValue()'><b>sqrtFromValue</b><br>Test class: test.testng.SqrtDoubleTest<br>Parameters: 0.09, 0.3</td>
<td></td>
<td>0</td>
<td>test.testng.SqrtDoubleTest@7f9a81e8</td></tr>
</table><p>
</body>
</html>